0 info it worked if it ends with ok
1 verbose cli [ 'C:\\Program Files\\nodejs\\node.exe',
1 verbose cli   'C:\\Program Files\\nodejs\\node_modules\\npm\\bin\\npm-cli.js',
1 verbose cli   'install',
1 verbose cli   'react-router,',
1 verbose cli   'react-router-dom,',
1 verbose cli   'react-router-native' ]
2 info using npm@3.10.10
3 info using node@v6.11.5
4 silly loadCurrentTree Starting
5 silly install loadCurrentTree
6 silly install readLocalPackageData
7 silly fetchPackageMetaData react-router,
8 silly fetchPackageMetaData react-router-dom,
9 silly fetchPackageMetaData react-router-native
10 silly fetchOtherPackageData react-router,
11 silly cache add args [ 'react-router,', null ]
12 verbose cache add spec react-router,
13 silly fetchOtherPackageData react-router-dom,
14 silly cache add args [ 'react-router-dom,', null ]
15 verbose cache add spec react-router-dom,
16 silly fetchNamedPackageData react-router-native
17 silly mapToRegistry name react-router-native
18 silly mapToRegistry using default registry
19 silly mapToRegistry registry https://registry.npmjs.org/
20 silly mapToRegistry data Result {
20 silly mapToRegistry   raw: 'react-router-native',
20 silly mapToRegistry   scope: null,
20 silly mapToRegistry   escapedName: 'react-router-native',
20 silly mapToRegistry   name: 'react-router-native',
20 silly mapToRegistry   rawSpec: '',
20 silly mapToRegistry   spec: 'latest',
20 silly mapToRegistry   type: 'tag' }
21 silly mapToRegistry uri https://registry.npmjs.org/react-router-native
22 silly cache add parsed spec Result {
22 silly cache add   raw: 'react-router,',
22 silly cache add   scope: null,
22 silly cache add   escapedName: null,
22 silly cache add   name: null,
22 silly cache add   rawSpec: 'react-router,',
22 silly cache add   spec: 'D:\\knbn\\react-router,',
22 silly cache add   type: 'local' }
23 silly cache add parsed spec Result {
23 silly cache add   raw: 'react-router-dom,',
23 silly cache add   scope: null,
23 silly cache add   escapedName: null,
23 silly cache add   name: null,
23 silly cache add   rawSpec: 'react-router-dom,',
23 silly cache add   spec: 'D:\\knbn\\react-router-dom,',
23 silly cache add   type: 'local' }
24 error addLocal Could not install D:\knbn\react-router,
25 silly fetchPackageMetaData Error: ENOENT: no such file or directory, open 'D:\knbn\react-router,'
25 silly fetchPackageMetaData     at Error (native)
25 silly fetchPackageMetaData  error for react-router, { Error: ENOENT: no such file or directory, open 'D:\knbn\react-router,'
25 silly fetchPackageMetaData     at Error (native)
25 silly fetchPackageMetaData   errno: -4058,
25 silly fetchPackageMetaData   code: 'ENOENT',
25 silly fetchPackageMetaData   syscall: 'open',
25 silly fetchPackageMetaData   path: 'D:\\knbn\\react-router,' }
26 error addLocal Could not install D:\knbn\react-router-dom,
27 silly fetchPackageMetaData Error: ENOENT: no such file or directory, open 'D:\knbn\react-router-dom,'
27 silly fetchPackageMetaData     at Error (native)
27 silly fetchPackageMetaData  error for react-router-dom, { Error: ENOENT: no such file or directory, open 'D:\knbn\react-router-dom,'
27 silly fetchPackageMetaData     at Error (native)
27 silly fetchPackageMetaData   errno: -4058,
27 silly fetchPackageMetaData   code: 'ENOENT',
27 silly fetchPackageMetaData   syscall: 'open',
27 silly fetchPackageMetaData   path: 'D:\\knbn\\react-router-dom,' }
28 verbose request uri https://registry.npmjs.org/react-router-native
29 verbose request no auth needed
30 info attempt registry request try #1 at 12:47:37 PM
31 verbose request id 349fbaaba60325bd
32 http request GET https://registry.npmjs.org/react-router-native
33 http 200 https://registry.npmjs.org/react-router-native
34 verbose headers { date: 'Sat, 22 Dec 2018 10:47:40 GMT',
34 verbose headers   'content-type': 'application/json',
34 verbose headers   'transfer-encoding': 'chunked',
34 verbose headers   connection: 'keep-alive',
34 verbose headers   'set-cookie': [ '__cfduid=db76b16da0b0bada9c1565790aa4a82451545475659; expires=Sun, 22-Dec-19 10:47:39 GMT; path=/; domain=.registry.npmjs.org; HttpOnly' ],
34 verbose headers   'cf-cache-status': 'MISS',
34 verbose headers   'cache-control': 'max-age=300',
34 verbose headers   'cf-ray': '48d202f8cc397ef4-BUD',
34 verbose headers   etag: 'W/"1f734a88ec92c365f0116ea1310eb08d"',
34 verbose headers   'expect-ct': 'max-age=604800, report-uri="https://report-uri.cloudflare.com/cdn-cgi/beacon/expect-ct"',
34 verbose headers   'last-modified': 'Thu, 01 Nov 2018 16:41:36 GMT',
34 verbose headers   vary: 'accept-encoding, accept',
34 verbose headers   'x-amz-meta-rev': '66-1518bb3401ae6ebca905f170c3d37b7f',
34 verbose headers   server: 'cloudflare',
34 verbose headers   'content-encoding': 'gzip' }
35 silly get cb [ 200,
35 silly get   { date: 'Sat, 22 Dec 2018 10:47:40 GMT',
35 silly get     'content-type': 'application/json',
35 silly get     'transfer-encoding': 'chunked',
35 silly get     connection: 'keep-alive',
35 silly get     'set-cookie': [ '__cfduid=db76b16da0b0bada9c1565790aa4a82451545475659; expires=Sun, 22-Dec-19 10:47:39 GMT; path=/; domain=.registry.npmjs.org; HttpOnly' ],
35 silly get     'cf-cache-status': 'MISS',
35 silly get     'cache-control': 'max-age=300',
35 silly get     'cf-ray': '48d202f8cc397ef4-BUD',
35 silly get     etag: 'W/"1f734a88ec92c365f0116ea1310eb08d"',
35 silly get     'expect-ct': 'max-age=604800, report-uri="https://report-uri.cloudflare.com/cdn-cgi/beacon/expect-ct"',
35 silly get     'last-modified': 'Thu, 01 Nov 2018 16:41:36 GMT',
35 silly get     vary: 'accept-encoding, accept',
35 silly get     'x-amz-meta-rev': '66-1518bb3401ae6ebca905f170c3d37b7f',
35 silly get     server: 'cloudflare',
35 silly get     'content-encoding': 'gzip' } ]
36 verbose get saving react-router-native to C:\Users\free_\AppData\Roaming\npm-cache\registry.npmjs.org\react-router-native\.cache.json
37 verbose correctMkdir C:\Users\free_\AppData\Roaming\npm-cache correctMkdir not in flight; initializing
38 silly rollbackFailedOptional Starting
39 silly rollbackFailedOptional Finishing
40 silly runTopLevelLifecycles Finishing
41 silly install printInstalled
42 verbose stack Error: ENOENT: no such file or directory, open 'D:\knbn\react-router,'
42 verbose stack     at Error (native)
43 verbose cwd D:\knbn
44 error Windows_NT 10.0.17134
45 error argv "C:\\Program Files\\nodejs\\node.exe" "C:\\Program Files\\nodejs\\node_modules\\npm\\bin\\npm-cli.js" "install" "react-router," "react-router-dom," "react-router-native"
46 error node v6.11.5
47 error npm  v3.10.10
48 error path D:\knbn\react-router,
49 error code ENOENT
50 error errno -4058
51 error syscall open
52 error enoent ENOENT: no such file or directory, open 'D:\knbn\react-router,'
53 error enoent ENOENT: no such file or directory, open 'D:\knbn\react-router,'
53 error enoent This is most likely not a problem with npm itself
53 error enoent and is related to npm not being able to find a file.
54 verbose exit [ -4058, true ]
